/usr/local/share/ghdl/bin/ghdl -i --ieee=synopsys -fexplicit --workdir=build --work=work ../src/cpu.vhd
/usr/local/share/ghdl/bin/ghdl -m --ieee=synopsys -fexplicit --workdir=build -Pbuild --work=work cpu
/usr/local/share/ghdl/bin/ghdl -r --ieee=synopsys -fexplicit --workdir=build -Pbuild --work=work cpu --vpi=/homes/eva/xs/xsouku15/Placeholder/env/lib/python3.8/site-packages/cocotb/libs/libcocotbvpi_ghdl.so
     -.--ns INFO     gpi                                ..mbed/gpi_embed.cpp:109  in set_program_name_in_venv        Using Python virtual environment interpreter at /homes/eva/xs/xsouku15/Placeholder/env/bin/python
     -.--ns INFO     gpi                                ../gpi/GpiCommon.cpp:101  in gpi_print_registered_impl       VPI registered
     0.00ns INFO     cocotb                             Running on GHDL version 2.0.0 (tarball) [Dunoon edition]
     0.00ns INFO     cocotb                             Running tests with cocotb v1.7.1 from /homes/eva/xs/xsouku15/Placeholder/env/lib/python3.8/site-packages/cocotb
     0.00ns INFO     cocotb                             Seeding Python random module with 1668380141
     0.00ns INFO     cocotb.hexdigest                   lib: 8d35cc842ac3015bb2b0b725be80fa16
     0.00ns INFO     cocotb.regression                  Found test cpu.test_reset
     0.00ns INFO     cocotb.regression                  Found test cpu.test_increment
     0.00ns INFO     cocotb.regression                  Found test cpu.test_decrement
     0.00ns INFO     cocotb.regression                  Found test cpu.test_move
     0.00ns INFO     cocotb.regression                  Found test cpu.test_print
     0.00ns INFO     cocotb.regression                  Found test cpu.test_input
     0.00ns INFO     cocotb.regression                  Found test cpu.test_while_loop
     0.00ns INFO     cocotb.regression                  Found test cpu.test_do_loop
     0.00ns INFO     cocotb.regression                  Found test cpu.test_login_xsouku15
     0.00ns INFO     cocotb.regression                  running test_reset (1/9)
     0.00ns INFO     cocotb.hexdigest                   test: 55b0736a707f63d3eadc33bd3f781dee
    51.00ns INFO     cocotb.regression                  test_reset passed
    51.00ns INFO     cocotb.regression                  running test_increment (2/9)
                                                          Increment value of the first memory cell, i.e. *ptr++
    51.00ns INFO     cocotb.hexdigest                   test: 2901a3e8dc065fc90b71aafb10a2cba9
    52.00ns INFO     cocotb.hexdigest                   code: ffcfcdfe6755a66b7b5dd6e9be91d842
   311.00ns INFO     cocotb.hexdigest                   result: 1b995632af9d632e59502d9543f7931c
   311.00ns INFO     cocotb.regression                  test_increment passed
   311.00ns INFO     cocotb.regression                  running test_decrement (3/9)
                                                          Decrement value of the first memory cell, i.e. *ptr--
   311.00ns INFO     cocotb.hexdigest                   test: e8f04c68fe884e1fe6bab75c969da5fe
   312.00ns INFO     cocotb.hexdigest                   code: 7a53856a4ab8d18650cd8ffb96c8bdc0
   571.00ns INFO     cocotb.hexdigest                   result: b2b154e9ce377cd079ede9b5cd417d1e
   571.00ns INFO     cocotb.regression                  test_decrement passed
   571.00ns INFO     cocotb.regression                  running test_move (4/9)
                                                          Move the pointer to the next cell and increment its value
   571.00ns INFO     cocotb.hexdigest                   test: b2c0ab73e6363474c14d5a6314fa8539
   572.00ns INFO     cocotb.hexdigest                   code: e83436aebec668b874aafe6ae5580ef8
   771.00ns INFO     cocotb.hexdigest                   result: a272305440613e6af8d29b9da8e025e0
   771.00ns INFO     cocotb.regression                  test_move passed
   771.00ns INFO     cocotb.regression                  running test_print (5/9)
                                                          Print data to the output, i.e. putchar(*ptr)
   771.00ns INFO     cocotb.hexdigest                   test: 1707b2305dc7542310bcea45dca7a128
   772.00ns INFO     cocotb.hexdigest                   code: f3ab05255fe35921712596c86de01a6f
  1991.00ns INFO     cocotb.hexdigest                   result: f3ab05255fe35921712596c86de01a6f
  1991.00ns INFO     cocotb.regression                  test_print passed
  1991.00ns INFO     cocotb.regression                  running test_input (6/9)
                                                          Load data from the input, i.e. *ptr=getchar()
  1991.00ns INFO     cocotb.hexdigest                   test: 7841ff5f0affd028f179f84d9e5a53a6
  1992.00ns INFO     cocotb.hexdigest                   code: d66a7d13199397df9dae4f1151860b8a
  3221.00ns INFO     cocotb.hexdigest                   result: 4ab265bb26a6de048d6f639ee1f5860c
  3222.00ns INFO     cocotb.hexdigest                   code: d66a7d13199397df9dae4f1151860b8a
  4451.00ns INFO     cocotb.hexdigest                   result: 2301c581886517e0f34357702efed99e
  4451.00ns INFO     cocotb.regression                  test_input passed
  4451.00ns INFO     cocotb.regression                  running test_while_loop (7/9)
                                                          Simple while loop test
  4451.00ns INFO     cocotb.hexdigest                   test: 3bc2fd4ffea325210c0a09fa36bca09b
  4452.00ns INFO     cocotb.hexdigest                   code: 840a18756c060ab90a062e4a6ecfcdb6
  4671.00ns INFO     cocotb.hexdigest                   result: 840a18756c060ab90a062e4a6ecfcdb6
  4671.00ns INFO     cocotb.regression                  test_while_loop failed
                                                        Traceback (most recent call last):
                                                          File "/homes/eva/xs/xsouku15/Placeholder/zadani/test/cpu_lib.py", line 256, in fff
                                                            return await fg(dut)
                                                          File "/homes/eva/xs/xsouku15/Placeholder/zadani/test/cpu.py", line 69, in test_while_loop
                                                            assert mem[RAM_OFS] == 0
                                                        AssertionError: assert 3 == 0
  4671.00ns INFO     cocotb.regression                  running test_do_loop (8/9)
                                                          Simple do-while loop test
  4671.00ns INFO     cocotb.hexdigest                   test: 837a63ca0b30341dc13fdc5c25c8022a
  4672.00ns INFO     cocotb.hexdigest                   code: bb456a744e51e06092c7b11eb147f8ad
  9726.00ns INFO     cocotb.regression                  test_do_loop failed
                                                        Traceback (most recent call last):
                                                          File "/homes/eva/xs/xsouku15/Placeholder/zadani/test/cpu_lib.py", line 256, in fff
                                                            return await fg(dut)
                                                          File "/homes/eva/xs/xsouku15/Placeholder/zadani/test/cpu.py", line 75, in test_do_loop
                                                            instcnt, mem, lcd = await run_program(dut, '(-)', mem_data='\3', timeout_ns = LCD_WAIT_TIME*10)
                                                          File "/homes/eva/xs/xsouku15/Placeholder/zadani/test/cpu_lib.py", line 242, in run_program
                                                            proglen, mem = await with_timeout(meminst, timeout_ns, 'ns')
                                                          File "/homes/eva/xs/xsouku15/Placeholder/env/lib/python3.8/site-packages/cocotb/triggers.py", line 1013, in with_timeout
                                                            raise cocotb.result.SimTimeoutError
                                                        cocotb.result.SimTimeoutError
  9726.00ns INFO     cocotb.regression                  running test_login_xsouku15 (9/9)
                                                          Executes program in login.b file
  9726.00ns INFO     cocotb.hexdigest                   test: 39aed268bcebb5ea54fd35738af03a96
  9727.00ns INFO     cocotb.hexdigest                   code: 2c694051666501a2f2db8fada2589d8d
 33726.00ns INFO     cocotb.hexdigest                   result: 8ab49ab14e6b2c43ae82fac116381de6
 33726.00ns INFO     cocotb.regression                  test_login_xsouku15 failed
                                                        Traceback (most recent call last):
                                                          File "<makefun-gen-1>", line 2, in test_login_xsouku15
                                                          File "/homes/eva/xs/xsouku15/Placeholder/zadani/test/cpu_lib.py", line 252, in ff
                                                            return await fg(dut, uid)
                                                          File "/homes/eva/xs/xsouku15/Placeholder/zadani/test/cpu.py", line 87, in test_login
                                                            assert lcd.lower() == uid, "Invalid output"
                                                        AssertionError: Invalid output
                                                        assert 'ĂžĂźĂżĂˇĂšĂžĂžĂž' == 'xsouku15'
                                                         +  where 'ĂžĂźĂżĂˇĂšĂžĂžĂž' = <built-in method lower of str object at 0x7f0592175030>()
                                                         +    where <built-in method lower of str object at 0x7f0592175030> = 'ĂžĂźĂżĂˇĂšĂžĂžĂž'.lower
 33726.00ns INFO     cocotb.regression                  **************************************************************************************
                                                        ** TEST                          STATUS  SIM TIME (ns)  REAL TIME (s)  RATIO (ns/s) **
                                                        **************************************************************************************
                                                        ** cpu.test_reset                 PASS          51.00           0.00      16944.67  **
                                                        ** cpu.test_increment             PASS         260.00           0.01      17813.99  **
                                                        ** cpu.test_decrement             PASS         260.00           0.01      18110.12  **
                                                        ** cpu.test_move                  PASS         200.00           0.01      17357.30  **
                                                        ** cpu.test_print                 PASS        1220.00           0.05      25356.16  **
                                                        ** cpu.test_input                 PASS        2460.00           0.13      19633.12  **
                                                        ** cpu.test_while_loop            FAIL         220.00           0.01      18223.14  **
                                                        ** cpu.test_do_loop               FAIL        5055.00           0.18      27710.30  **
                                                        ** cpu.test_login_xsouku15        FAIL       24000.00           0.98      24564.51  **
                                                        **************************************************************************************
                                                        ** TESTS=9 PASS=6 FAIL=3 SKIP=0              33726.00           1.70      19889.65  **
                                                        **************************************************************************************
                                                        